[2020-05-17 23:36:57] local.ERROR: Declaration of Carbon\Translator::setLocale($locale) must be compatible with Symfony\Contracts\Translation\LocaleAwareInterface::setLocale(string $locale) {"exception":"[object] (Symfony\\Component\\ErrorHandler\\Error\\FatalError(code: 0): Declaration of Carbon\\Translator::setLocale($locale) must be compatible with Symfony\\Contracts\\Translation\\LocaleAwareInterface::setLocale(string $locale) at C:\\Users\\saman\\helloworl\\vendor\
esbot\\carbon\\src\\Carbon\\Translator.php:18)
[stacktrace]
#0 C:\\Users\\saman\\helloworl\\vendor\\laravel\\framework\\src\\Illuminate\\Foundation\\Bootstrap\\HandleExceptions.php(143): Symfony\\Component\\ErrorHandler\\Error\\FatalError->__construct()
#1 C:\\Users\\saman\\helloworl\\vendor\\laravel\\framework\\src\\Illuminate\\Foundation\\Bootstrap\\HandleExceptions.php(130): Illuminate\\Foundation\\Bootstrap\\HandleExceptions->fatalErrorFromPhpError()
#2 C:\\Users\\saman\\helloworl\\vendor\\laravel\\framework\\src\\Illuminate\\Foundation\\Bootstrap\\HandleExceptions.php(0): Illuminate\\Foundation\\Bootstrap\\HandleExceptions->handleShutdown()
#3 C:\\Users\\saman\\helloworl\\vendor\\composer\\ClassLoader.php(444): ()
#4 C:\\Users\\saman\\helloworl\\vendor\\composer\\ClassLoader.php(322): Composer\\Autoload\\includeFile()
#5 C:\\Users\\saman\\helloworl\\vendor\
esbot\\carbon\\src\\Carbon\\Traits\\Localization.php(113): Composer\\Autoload\\ClassLoader->loadClass()
#6 C:\\Users\\saman\\helloworl\\vendor\
esbot\\carbon\\src\\Carbon\\Traits\\Localization.php(113): spl_autoload_call()
#7 C:\\Users\\saman\\helloworl\\vendor\
esbot\\carbon\\src\\Carbon\\Traits\\Localization.php(736): Carbon\\Carbon::translator()
#8 C:\\Users\\saman\\helloworl\\vendor\
esbot\\carbon\\src\\Carbon\\Traits\\Localization.php(512): Carbon\\Carbon::getLocaleAwareTranslator()
#9 C:\\Users\\saman\\helloworl\\vendor\
esbot\\carbon\\src\\Carbon\\Laravel\\ServiceProvider.php(40): Carbon\\Carbon::setLocale()
#10 C:\\Users\\saman\\helloworl\\vendor\
esbot\\carbon\\src\\Carbon\\Laravel\\ServiceProvider.php(20): Carbon\\Laravel\\ServiceProvider->updateLocale()
#11 C:\\Users\\saman\\helloworl\\vendor\\laravel\\framework\\src\\Illuminate\\Container\\BoundMethod.php(33): Carbon\\Laravel\\ServiceProvider->boot()
#12 C:\\Users\\saman\\helloworl\\vendor\\laravel\\framework\\src\\Illuminate\\Container\\BoundMethod.php(33): call_user_func_array:{C:\\Users\\saman\\helloworl\\vendor\\laravel\\framework\\src\\Illuminate\\Container\\BoundMethod.php:33}()
#13 C:\\Users\\saman\\helloworl\\vendor\\laravel\\framework\\src\\Illuminate\\Container\\Util.php(36): Illuminate\\Container\\BoundMethod::Illuminate\\Container\\{closure:C:\\Users\\saman\\helloworl\\vendor\\laravel\\framework\\src\\Illuminate\\Container\\BoundMethod.php:31-35}()
#14 C:\\Users\\saman\\helloworl\\vendor\\laravel\\framework\\src\\Illuminate\\Container\\BoundMethod.php(91): Illuminate\\Container\\Util::unwrapIfClosure()
#15 C:\\Users\\saman\\helloworl\\vendor\\laravel\\framework\\src\\Illuminate\\Container\\BoundMethod.php(35): Illuminate\\Container\\BoundMethod::callBoundMethod()
#16 C:\\Users\\saman\\helloworl\\vendor\\laravel\\framework\\src\\Illuminate\\Container\\Container.php(592): Illuminate\\Container\\BoundMethod::call()
#17 C:\\Users\\saman\\helloworl\\vendor\\laravel\\framework\\src\\Illuminate\\Foundation\\Application.php(867): Illuminate\\Foundation\\Application->call()
#18 C:\\Users\\saman\\helloworl\\vendor\\laravel\\framework\\src\\Illuminate\\Foundation\\Application.php(850): Illuminate\\Foundation\\Application->bootProvider()
#19 C:\\Users\\saman\\helloworl\\vendor\\laravel\\framework\\src\\Illuminate\\Foundation\\Application.php(851): Illuminate\\Foundation\\Application->Illuminate\\Foundation\\{closure:C:\\Users\\saman\\helloworl\\vendor\\laravel\\framework\\src\\Illuminate\\Foundation\\Application.php:849-851}()
#20 C:\\Users\\saman\\helloworl\\vendor\\laravel\\framework\\src\\Illuminate\\Foundation\\Application.php(851): array_walk()
#21 C:\\Users\\saman\\helloworl\\vendor\\laravel\\framework\\src\\Illuminate\\Foundation\\Bootstrap\\BootProviders.php(17): Illuminate\\Foundation\\Application->boot()
#22 C:\\Users\\saman\\helloworl\\vendor\\laravel\\framework\\src\\Illuminate\\Foundation\\Application.php(230): Illuminate\\Foundation\\Bootstrap\\BootProviders->bootstrap()
#23 C:\\Users\\saman\\helloworl\\vendor\\laravel\\framework\\src\\Illuminate\\Foundation\\Console\\Kernel.php(310): Illuminate\\Foundation\\Application->bootstrapWith()
#24 C:\\Users\\saman\\helloworl\\vendor\\laravel\\framework\\src\\Illuminate\\Foundation\\Console\\Kernel.php(127): App\\Console\\Kernel->bootstrap()
#25 C:\\Users\\saman\\helloworl\\artisan(37): App\\Console\\Kernel->handle()
#26 C:\\Users\\saman\\helloworl\\artisan(0): {main}()
#27 {main}
"} 
[2020-05-17 23:41:00] local.ERROR: Declaration of Carbon\Translator::setLocale($locale) must be compatible with Symfony\Contracts\Translation\LocaleAwareInterface::setLocale(string $locale) {"exception":"[object] (Symfony\\Component\\ErrorHandler\\Error\\FatalError(code: 0): Declaration of Carbon\\Translator::setLocale($locale) must be compatible with Symfony\\Contracts\\Translation\\LocaleAwareInterface::setLocale(string $locale) at C:\\Users\\saman\\helloworl\\vendor\
esbot\\carbon\\src\\Carbon\\Translator.php:18)
[stacktrace]
#0 C:\\Users\\saman\\helloworl\\vendor\\laravel\\framework\\src\\Illuminate\\Foundation\\Bootstrap\\HandleExceptions.php(143): Symfony\\Component\\ErrorHandler\\Error\\FatalError->__construct('???', '???', '???', '???', '???', '???')
#1 C:\\Users\\saman\\helloworl\\vendor\\laravel\\framework\\src\\Illuminate\\Foundation\\Bootstrap\\HandleExceptions.php(130): Illuminate\\Foundation\\Bootstrap\\HandleExceptions->fatalErrorFromPhpError('???', '???')
#2 C:\\Users\\saman\\helloworl\\vendor\\laravel\\framework\\src\\Illuminate\\Foundation\\Bootstrap\\HandleExceptions.php(0): Illuminate\\Foundation\\Bootstrap\\HandleExceptions->handleShutdown()
#3 C:\\Users\\saman\\helloworl\\vendor\\composer\\ClassLoader.php(444): ()
#4 C:\\Users\\saman\\helloworl\\vendor\\composer\\ClassLoader.php(322): Composer\\Autoload\\includeFile('???')
#5 C:\\Users\\saman\\helloworl\\vendor\
esbot\\carbon\\src\\Carbon\\Traits\\Localization.php(113): Composer\\Autoload\\ClassLoader->loadClass('???')
#6 C:\\Users\\saman\\helloworl\\vendor\
esbot\\carbon\\src\\Carbon\\Traits\\Localization.php(113): spl_autoload_call('???')
#7 C:\\Users\\saman\\helloworl\\vendor\
esbot\\carbon\\src\\Carbon\\Traits\\Localization.php(736): Carbon\\Carbon::translator()
#8 C:\\Users\\saman\\helloworl\\vendor\
esbot\\carbon\\src\\Carbon\\Traits\\Localization.php(512): Carbon\\Carbon::getLocaleAwareTranslator('???')
#9 C:\\Users\\saman\\helloworl\\vendor\
esbot\\carbon\\src\\Carbon\\Laravel\\ServiceProvider.php(40): Carbon\\Carbon::setLocale('???')
#10 C:\\Users\\saman\\helloworl\\vendor\
esbot\\carbon\\src\\Carbon\\Laravel\\ServiceProvider.php(20): Carbon\\Laravel\\ServiceProvider->updateLocale()
#11 C:\\Users\\saman\\helloworl\\vendor\\laravel\\framework\\src\\Illuminate\\Container\\BoundMethod.php(33): Carbon\\Laravel\\ServiceProvider->boot()
#12 C:\\Users\\saman\\helloworl\\vendor\\laravel\\framework\\src\\Illuminate\\Container\\BoundMethod.php(33): call_user_func_array:{C:\\Users\\saman\\helloworl\\vendor\\laravel\\framework\\src\\Illuminate\\Container\\BoundMethod.php:33}('???', '???')
#13 C:\\Users\\saman\\helloworl\\vendor\\laravel\\framework\\src\\Illuminate\\Container\\Util.php(36): Illuminate\\Container\\BoundMethod::Illuminate\\Container\\{closure:C:\\Users\\saman\\helloworl\\vendor\\laravel\\framework\\src\\Illuminate\\Container\\BoundMethod.php:31-35}()
#14 C:\\Users\\saman\\helloworl\\vendor\\laravel\\framework\\src\\Illuminate\\Container\\BoundMethod.php(91): Illuminate\\Container\\Util::unwrapIfClosure('???')
#15 C:\\Users\\saman\\helloworl\\vendor\\laravel\\framework\\src\\Illuminate\\Container\\BoundMethod.php(35): Illuminate\\Container\\BoundMethod::callBoundMethod('???', '???', '???')
#16 C:\\Users\\saman\\helloworl\\vendor\\laravel\\framework\\src\\Illuminate\\Container\\Container.php(592): Illuminate\\Container\\BoundMethod::call('???', '???', '???', '???')
#17 C:\\Users\\saman\\helloworl\\vendor\\laravel\\framework\\src\\Illuminate\\Foundation\\Application.php(867): Illuminate\\Foundation\\Application->call('???', '???', '???')
#18 C:\\Users\\saman\\helloworl\\vendor\\laravel\\framework\\src\\Illuminate\\Foundation\\Application.php(850): Illuminate\\Foundation\\Application->bootProvider('???')
#19 C:\\Users\\saman\\helloworl\\vendor\\laravel\\framework\\src\\Illuminate\\Foundation\\Application.php(851): Illuminate\\Foundation\\Application->Illuminate\\Foundation\\{closure:C:\\Users\\saman\\helloworl\\vendor\\laravel\\framework\\src\\Illuminate\\Foundation\\Application.php:849-851}('???', '???')
#20 C:\\Users\\saman\\helloworl\\vendor\\laravel\\framework\\src\\Illuminate\\Foundation\\Application.php(851): array_walk('???', '???')
#21 C:\\Users\\saman\\helloworl\\vendor\\laravel\\framework\\src\\Illuminate\\Foundation\\Bootstrap\\BootProviders.php(17): Illuminate\\Foundation\\Application->boot()
#22 C:\\Users\\saman\\helloworl\\vendor\\laravel\\framework\\src\\Illuminate\\Foundation\\Application.php(230): Illuminate\\Foundation\\Bootstrap\\BootProviders->bootstrap('???')
#23 C:\\Users\\saman\\helloworl\\vendor\\laravel\\framework\\src\\Illuminate\\Foundation\\Http\\Kernel.php(151): Illuminate\\Foundation\\Application->bootstrapWith('???')
#24 C:\\Users\\saman\\helloworl\\vendor\\laravel\\framework\\src\\Illuminate\\Foundation\\Http\\Kernel.php(135): App\\Http\\Kernel->bootstrap()
#25 C:\\Users\\saman\\helloworl\\vendor\\laravel\\framework\\src\\Illuminate\\Foundation\\Http\\Kernel.php(109): App\\Http\\Kernel->sendRequestThroughRouter('???')
#26 C:\\Users\\saman\\helloworl\\public\\index.php(55): App\\Http\\Kernel->handle('???')
#27 C:\\Users\\saman\\helloworl\\public\\index.php(0): {main}()
#28 {main}
"} 
[2020-05-17 23:52:33] local.ERROR: Declaration of Carbon\Translator::setLocale($locale) must be compatible with Symfony\Contracts\Translation\LocaleAwareInterface::setLocale(string $locale) {"exception":"[object] (Symfony\\Component\\ErrorHandler\\Error\\FatalError(code: 0): Declaration of Carbon\\Translator::setLocale($locale) must be compatible with Symfony\\Contracts\\Translation\\LocaleAwareInterface::setLocale(string $locale) at C:\\Users\\saman\\helloworl\\vendor\
esbot\\carbon\\src\\Carbon\\Translator.php:18)
[stacktrace]
#0 C:\\Users\\saman\\helloworl\\vendor\\laravel\\framework\\src\\Illuminate\\Foundation\\Bootstrap\\HandleExceptions.php(143): Symfony\\Component\\ErrorHandler\\Error\\FatalError->__construct('???', '???', '???', '???', '???', '???')
#1 C:\\Users\\saman\\helloworl\\vendor\\laravel\\framework\\src\\Illuminate\\Foundation\\Bootstrap\\HandleExceptions.php(130): Illuminate\\Foundation\\Bootstrap\\HandleExceptions->fatalErrorFromPhpError('???', '???')
#2 C:\\Users\\saman\\helloworl\\vendor\\laravel\\framework\\src\\Illuminate\\Foundation\\Bootstrap\\HandleExceptions.php(0): Illuminate\\Foundation\\Bootstrap\\HandleExceptions->handleShutdown()
#3 C:\\Users\\saman\\helloworl\\vendor\\composer\\ClassLoader.php(444): ()
#4 C:\\Users\\saman\\helloworl\\vendor\\composer\\ClassLoader.php(322): Composer\\Autoload\\includeFile('???')
#5 C:\\Users\\saman\\helloworl\\vendor\
esbot\\carbon\\src\\Carbon\\Traits\\Localization.php(113): Composer\\Autoload\\ClassLoader->loadClass('???')
#6 C:\\Users\\saman\\helloworl\\vendor\
esbot\\carbon\\src\\Carbon\\Traits\\Localization.php(113): spl_autoload_call('???')
#7 C:\\Users\\saman\\helloworl\\vendor\
esbot\\carbon\\src\\Carbon\\Traits\\Localization.php(736): Carbon\\Carbon::translator()
#8 C:\\Users\\saman\\helloworl\\vendor\
esbot\\carbon\\src\\Carbon\\Traits\\Localization.php(512): Carbon\\Carbon::getLocaleAwareTranslator('???')
#9 C:\\Users\\saman\\helloworl\\vendor\
esbot\\carbon\\src\\Carbon\\Laravel\\ServiceProvider.php(40): Carbon\\Carbon::setLocale('???')
#10 C:\\Users\\saman\\helloworl\\vendor\
esbot\\carbon\\src\\Carbon\\Laravel\\ServiceProvider.php(20): Carbon\\Laravel\\ServiceProvider->updateLocale()
#11 C:\\Users\\saman\\helloworl\\vendor\\laravel\\framework\\src\\Illuminate\\Container\\BoundMethod.php(33): Carbon\\Laravel\\ServiceProvider->boot()
#12 C:\\Users\\saman\\helloworl\\vendor\\laravel\\framework\\src\\Illuminate\\Container\\BoundMethod.php(33): call_user_func_array:{C:\\Users\\saman\\helloworl\\vendor\\laravel\\framework\\src\\Illuminate\\Container\\BoundMethod.php:33}('???', '???')
#13 C:\\Users\\saman\\helloworl\\vendor\\laravel\\framework\\src\\Illuminate\\Container\\Util.php(36): Illuminate\\Container\\BoundMethod::Illuminate\\Container\\{closure:C:\\Users\\saman\\helloworl\\vendor\\laravel\\framework\\src\\Illuminate\\Container\\BoundMethod.php:31-35}()
#14 C:\\Users\\saman\\helloworl\\vendor\\laravel\\framework\\src\\Illuminate\\Container\\BoundMethod.php(91): Illuminate\\Container\\Util::unwrapIfClosure('???')
#15 C:\\Users\\saman\\helloworl\\vendor\\laravel\\framework\\src\\Illuminate\\Container\\BoundMethod.php(35): Illuminate\\Container\\BoundMethod::callBoundMethod('???', '???', '???')
#16 C:\\Users\\saman\\helloworl\\vendor\\laravel\\framework\\src\\Illuminate\\Container\\Container.php(592): Illuminate\\Container\\BoundMethod::call('???', '???', '???', '???')
#17 C:\\Users\\saman\\helloworl\\vendor\\laravel\\framework\\src\\Illuminate\\Foundation\\Application.php(867): Illuminate\\Foundation\\Application->call('???', '???', '???')
#18 C:\\Users\\saman\\helloworl\\vendor\\laravel\\framework\\src\\Illuminate\\Foundation\\Application.php(850): Illuminate\\Foundation\\Application->bootProvider('???')
#19 C:\\Users\\saman\\helloworl\\vendor\\laravel\\framework\\src\\Illuminate\\Foundation\\Application.php(851): Illuminate\\Foundation\\Application->Illuminate\\Foundation\\{closure:C:\\Users\\saman\\helloworl\\vendor\\laravel\\framework\\src\\Illuminate\\Foundation\\Application.php:849-851}('???', '???')
#20 C:\\Users\\saman\\helloworl\\vendor\\laravel\\framework\\src\\Illuminate\\Foundation\\Application.php(851): array_walk('???', '???')
#21 C:\\Users\\saman\\helloworl\\vendor\\laravel\\framework\\src\\Illuminate\\Foundation\\Bootstrap\\BootProviders.php(17): Illuminate\\Foundation\\Application->boot()
#22 C:\\Users\\saman\\helloworl\\vendor\\laravel\\framework\\src\\Illuminate\\Foundation\\Application.php(230): Illuminate\\Foundation\\Bootstrap\\BootProviders->bootstrap('???')
#23 C:\\Users\\saman\\helloworl\\vendor\\laravel\\framework\\src\\Illuminate\\Foundation\\Http\\Kernel.php(151): Illuminate\\Foundation\\Application->bootstrapWith('???')
#24 C:\\Users\\saman\\helloworl\\vendor\\laravel\\framework\\src\\Illuminate\\Foundation\\Http\\Kernel.php(135): App\\Http\\Kernel->bootstrap()
#25 C:\\Users\\saman\\helloworl\\vendor\\laravel\\framework\\src\\Illuminate\\Foundation\\Http\\Kernel.php(109): App\\Http\\Kernel->sendRequestThroughRouter('???')
#26 C:\\Users\\saman\\helloworl\\public\\index.php(55): App\\Http\\Kernel->handle('???')
#27 C:\\Users\\saman\\helloworl\\public\\index.php(0): {main}()
#28 {main}
"} 
[2020-05-17 23:54:18] local.ERROR: Declaration of Carbon\Translator::setLocale($locale) must be compatible with Symfony\Contracts\Translation\LocaleAwareInterface::setLocale(string $locale) {"exception":"[object] (Symfony\\Component\\ErrorHandler\\Error\\FatalError(code: 0): Declaration of Carbon\\Translator::setLocale($locale) must be compatible with Symfony\\Contracts\\Translation\\LocaleAwareInterface::setLocale(string $locale) at C:\\Users\\saman\\helloworl\\vendor\
esbot\\carbon\\src\\Carbon\\Translator.php:18)
[stacktrace]
#0 C:\\Users\\saman\\helloworl\\vendor\\laravel\\framework\\src\\Illuminate\\Foundation\\Bootstrap\\HandleExceptions.php(143): Symfony\\Component\\ErrorHandler\\Error\\FatalError->__construct()
#1 C:\\Users\\saman\\helloworl\\vendor\\laravel\\framework\\src\\Illuminate\\Foundation\\Bootstrap\\HandleExceptions.php(130): Illuminate\\Foundation\\Bootstrap\\HandleExceptions->fatalErrorFromPhpError()
#2 C:\\Users\\saman\\helloworl\\vendor\\laravel\\framework\\src\\Illuminate\\Foundation\\Bootstrap\\HandleExceptions.php(0): Illuminate\\Foundation\\Bootstrap\\HandleExceptions->handleShutdown()
#3 C:\\Users\\saman\\helloworl\\vendor\\composer\\ClassLoader.php(444): ()
#4 C:\\Users\\saman\\helloworl\\vendor\\composer\\ClassLoader.php(322): Composer\\Autoload\\includeFile()
#5 C:\\Users\\saman\\helloworl\\vendor\
esbot\\carbon\\src\\Carbon\\Traits\\Localization.php(113): Composer\\Autoload\\ClassLoader->loadClass()
#6 C:\\Users\\saman\\helloworl\\vendor\
esbot\\carbon\\src\\Carbon\\Traits\\Localization.php(113): spl_autoload_call()
#7 C:\\Users\\saman\\helloworl\\vendor\
esbot\\carbon\\src\\Carbon\\Traits\\Localization.php(736): Carbon\\Carbon::translator()
#8 C:\\Users\\saman\\helloworl\\vendor\
esbot\\carbon\\src\\Carbon\\Traits\\Localization.php(512): Carbon\\Carbon::getLocaleAwareTranslator()
#9 C:\\Users\\saman\\helloworl\\vendor\
esbot\\carbon\\src\\Carbon\\Laravel\\ServiceProvider.php(40): Carbon\\Carbon::setLocale()
#10 C:\\Users\\saman\\helloworl\\vendor\
esbot\\carbon\\src\\Carbon\\Laravel\\ServiceProvider.php(20): Carbon\\Laravel\\ServiceProvider->updateLocale()
#11 C:\\Users\\saman\\helloworl\\vendor\\laravel\\framework\\src\\Illuminate\\Container\\BoundMethod.php(33): Carbon\\Laravel\\ServiceProvider->boot()
#12 C:\\Users\\saman\\helloworl\\vendor\\laravel\\framework\\src\\Illuminate\\Container\\BoundMethod.php(33): call_user_func_array:{C:\\Users\\saman\\helloworl\\vendor\\laravel\\framework\\src\\Illuminate\\Container\\BoundMethod.php:33}()
#13 C:\\Users\\saman\\helloworl\\vendor\\laravel\\framework\\src\\Illuminate\\Container\\Util.php(36): Illuminate\\Container\\BoundMethod::Illuminate\\Container\\{closure:C:\\Users\\saman\\helloworl\\vendor\\laravel\\framework\\src\\Illuminate\\Container\\BoundMethod.php:31-35}()
#14 C:\\Users\\saman\\helloworl\\vendor\\laravel\\framework\\src\\Illuminate\\Container\\BoundMethod.php(91): Illuminate\\Container\\Util::unwrapIfClosure()
#15 C:\\Users\\saman\\helloworl\\vendor\\laravel\\framework\\src\\Illuminate\\Container\\BoundMethod.php(35): Illuminate\\Container\\BoundMethod::callBoundMethod()
#16 C:\\Users\\saman\\helloworl\\vendor\\laravel\\framework\\src\\Illuminate\\Container\\Container.php(592): Illuminate\\Container\\BoundMethod::call()
#17 C:\\Users\\saman\\helloworl\\vendor\\laravel\\framework\\src\\Illuminate\\Foundation\\Application.php(867): Illuminate\\Foundation\\Application->call()
#18 C:\\Users\\saman\\helloworl\\vendor\\laravel\\framework\\src\\Illuminate\\Foundation\\Application.php(850): Illuminate\\Foundation\\Application->bootProvider()
#19 C:\\Users\\saman\\helloworl\\vendor\\laravel\\framework\\src\\Illuminate\\Foundation\\Application.php(851): Illuminate\\Foundation\\Application->Illuminate\\Foundation\\{closure:C:\\Users\\saman\\helloworl\\vendor\\laravel\\framework\\src\\Illuminate\\Foundation\\Application.php:849-851}()
#20 C:\\Users\\saman\\helloworl\\vendor\\laravel\\framework\\src\\Illuminate\\Foundation\\Application.php(851): array_walk()
#21 C:\\Users\\saman\\helloworl\\vendor\\laravel\\framework\\src\\Illuminate\\Foundation\\Bootstrap\\BootProviders.php(17): Illuminate\\Foundation\\Application->boot()
#22 C:\\Users\\saman\\helloworl\\vendor\\laravel\\framework\\src\\Illuminate\\Foundation\\Application.php(230): Illuminate\\Foundation\\Bootstrap\\BootProviders->bootstrap()
#23 C:\\Users\\saman\\helloworl\\vendor\\laravel\\framework\\src\\Illuminate\\Foundation\\Console\\Kernel.php(310): Illuminate\\Foundation\\Application->bootstrapWith()
#24 C:\\Users\\saman\\helloworl\\vendor\\laravel\\framework\\src\\Illuminate\\Foundation\\Console\\Kernel.php(127): App\\Console\\Kernel->bootstrap()
#25 C:\\Users\\saman\\helloworl\\artisan(37): App\\Console\\Kernel->handle()
#26 C:\\Users\\saman\\helloworl\\artisan(0): {main}()
#27 {main}
"} 
[2020-05-18 00:16:32] local.ERROR: Declaration of Carbon\Translator::setLocale($locale) must be compatible with Symfony\Contracts\Translation\LocaleAwareInterface::setLocale(string $locale) {"exception":"[object] (Symfony\\Component\\ErrorHandler\\Error\\FatalError(code: 0): Declaration of Carbon\\Translator::setLocale($locale) must be compatible with Symfony\\Contracts\\Translation\\LocaleAwareInterface::setLocale(string $locale) at C:\\Users\\saman\\helloworl\\vendor\
esbot\\carbon\\src\\Carbon\\Translator.php:18)
[stacktrace]
#0 C:\\Users\\saman\\helloworl\\vendor\\laravel\\framework\\src\\Illuminate\\Foundation\\Bootstrap\\HandleExceptions.php(143): Symfony\\Component\\ErrorHandler\\Error\\FatalError->__construct()
#1 C:\\Users\\saman\\helloworl\\vendor\\laravel\\framework\\src\\Illuminate\\Foundation\\Bootstrap\\HandleExceptions.php(130): Illuminate\\Foundation\\Bootstrap\\HandleExceptions->fatalErrorFromPhpError()
#2 C:\\Users\\saman\\helloworl\\vendor\\laravel\\framework\\src\\Illuminate\\Foundation\\Bootstrap\\HandleExceptions.php(0): Illuminate\\Foundation\\Bootstrap\\HandleExceptions->handleShutdown()
#3 C:\\Users\\saman\\helloworl\\vendor\\composer\\ClassLoader.php(444): ()
#4 C:\\Users\\saman\\helloworl\\vendor\\composer\\ClassLoader.php(322): Composer\\Autoload\\includeFile()
#5 C:\\Users\\saman\\helloworl\\vendor\
esbot\\carbon\\src\\Carbon\\Traits\\Localization.php(113): Composer\\Autoload\\ClassLoader->loadClass()
#6 C:\\Users\\saman\\helloworl\\vendor\
esbot\\carbon\\src\\Carbon\\Traits\\Localization.php(113): spl_autoload_call()
#7 C:\\Users\\saman\\helloworl\\vendor\
esbot\\carbon\\src\\Carbon\\Traits\\Localization.php(736): Carbon\\Carbon::translator()
#8 C:\\Users\\saman\\helloworl\\vendor\
esbot\\carbon\\src\\Carbon\\Traits\\Localization.php(512): Carbon\\Carbon::getLocaleAwareTranslator()
#9 C:\\Users\\saman\\helloworl\\vendor\
esbot\\carbon\\src\\Carbon\\Laravel\\ServiceProvider.php(40): Carbon\\Carbon::setLocale()
#10 C:\\Users\\saman\\helloworl\\vendor\
esbot\\carbon\\src\\Carbon\\Laravel\\ServiceProvider.php(20): Carbon\\Laravel\\ServiceProvider->updateLocale()
#11 C:\\Users\\saman\\helloworl\\vendor\\laravel\\framework\\src\\Illuminate\\Container\\BoundMethod.php(33): Carbon\\Laravel\\ServiceProvider->boot()
#12 C:\\Users\\saman\\helloworl\\vendor\\laravel\\framework\\src\\Illuminate\\Container\\BoundMethod.php(33): call_user_func_array:{C:\\Users\\saman\\helloworl\\vendor\\laravel\\framework\\src\\Illuminate\\Container\\BoundMethod.php:33}()
#13 C:\\Users\\saman\\helloworl\\vendor\\laravel\\framework\\src\\Illuminate\\Container\\Util.php(36): Illuminate\\Container\\BoundMethod::Illuminate\\Container\\{closure:C:\\Users\\saman\\helloworl\\vendor\\laravel\\framework\\src\\Illuminate\\Container\\BoundMethod.php:31-35}()
#14 C:\\Users\\saman\\helloworl\\vendor\\laravel\\framework\\src\\Illuminate\\Container\\BoundMethod.php(91): Illuminate\\Container\\Util::unwrapIfClosure()
#15 C:\\Users\\saman\\helloworl\\vendor\\laravel\\framework\\src\\Illuminate\\Container\\BoundMethod.php(35): Illuminate\\Container\\BoundMethod::callBoundMethod()
#16 C:\\Users\\saman\\helloworl\\vendor\\laravel\\framework\\src\\Illuminate\\Container\\Container.php(592): Illuminate\\Container\\BoundMethod::call()
#17 C:\\Users\\saman\\helloworl\\vendor\\laravel\\framework\\src\\Illuminate\\Foundation\\Application.php(867): Illuminate\\Foundation\\Application->call()
#18 C:\\Users\\saman\\helloworl\\vendor\\laravel\\framework\\src\\Illuminate\\Foundation\\Application.php(850): Illuminate\\Foundation\\Application->bootProvider()
#19 C:\\Users\\saman\\helloworl\\vendor\\laravel\\framework\\src\\Illuminate\\Foundation\\Application.php(851): Illuminate\\Foundation\\Application->Illuminate\\Foundation\\{closure:C:\\Users\\saman\\helloworl\\vendor\\laravel\\framework\\src\\Illuminate\\Foundation\\Application.php:849-851}()
#20 C:\\Users\\saman\\helloworl\\vendor\\laravel\\framework\\src\\Illuminate\\Foundation\\Application.php(851): array_walk()
#21 C:\\Users\\saman\\helloworl\\vendor\\laravel\\framework\\src\\Illuminate\\Foundation\\Bootstrap\\BootProviders.php(17): Illuminate\\Foundation\\Application->boot()
#22 C:\\Users\\saman\\helloworl\\vendor\\laravel\\framework\\src\\Illuminate\\Foundation\\Application.php(230): Illuminate\\Foundation\\Bootstrap\\BootProviders->bootstrap()
#23 C:\\Users\\saman\\helloworl\\vendor\\laravel\\framework\\src\\Illuminate\\Foundation\\Console\\Kernel.php(310): Illuminate\\Foundation\\Application->bootstrapWith()
#24 C:\\Users\\saman\\helloworl\\vendor\\laravel\\framework\\src\\Illuminate\\Foundation\\Console\\Kernel.php(127): App\\Console\\Kernel->bootstrap()
#25 C:\\Users\\saman\\helloworl\\artisan(37): App\\Console\\Kernel->handle()
#26 C:\\Users\\saman\\helloworl\\artisan(0): {main}()
#27 {main}
"} 
[2020-05-18 00:25:31] local.ERROR: Declaration of Carbon\Translator::setLocale($locale) must be compatible with Symfony\Contracts\Translation\LocaleAwareInterface::setLocale(string $locale) {"exception":"[object] (Symfony\\Component\\ErrorHandler\\Error\\FatalError(code: 0): Declaration of Carbon\\Translator::setLocale($locale) must be compatible with Symfony\\Contracts\\Translation\\LocaleAwareInterface::setLocale(string $locale) at C:\\Users\\saman\\helloworl\\vendor\
esbot\\carbon\\src\\Carbon\\Translator.php:18)
[stacktrace]
#0 C:\\Users\\saman\\helloworl\\vendor\\laravel\\framework\\src\\Illuminate\\Foundation\\Bootstrap\\HandleExceptions.php(143): Symfony\\Component\\ErrorHandler\\Error\\FatalError->__construct()
#1 C:\\Users\\saman\\helloworl\\vendor\\laravel\\framework\\src\\Illuminate\\Foundation\\Bootstrap\\HandleExceptions.php(130): Illuminate\\Foundation\\Bootstrap\\HandleExceptions->fatalErrorFromPhpError()
#2 C:\\Users\\saman\\helloworl\\vendor\\laravel\\framework\\src\\Illuminate\\Foundation\\Bootstrap\\HandleExceptions.php(0): Illuminate\\Foundation\\Bootstrap\\HandleExceptions->handleShutdown()
#3 C:\\Users\\saman\\helloworl\\vendor\\composer\\ClassLoader.php(444): ()
#4 C:\\Users\\saman\\helloworl\\vendor\\composer\\ClassLoader.php(322): Composer\\Autoload\\includeFile()
#5 C:\\Users\\saman\\helloworl\\vendor\
esbot\\carbon\\src\\Carbon\\Traits\\Localization.php(113): Composer\\Autoload\\ClassLoader->loadClass()
#6 C:\\Users\\saman\\helloworl\\vendor\
esbot\\carbon\\src\\Carbon\\Traits\\Localization.php(113): spl_autoload_call()
#7 C:\\Users\\saman\\helloworl\\vendor\
esbot\\carbon\\src\\Carbon\\Traits\\Localization.php(736): Carbon\\Carbon::translator()
#8 C:\\Users\\saman\\helloworl\\vendor\
esbot\\carbon\\src\\Carbon\\Traits\\Localization.php(512): Carbon\\Carbon::getLocaleAwareTranslator()
#9 C:\\Users\\saman\\helloworl\\vendor\
esbot\\carbon\\src\\Carbon\\Laravel\\ServiceProvider.php(40): Carbon\\Carbon::setLocale()
#10 C:\\Users\\saman\\helloworl\\vendor\
esbot\\carbon\\src\\Carbon\\Laravel\\ServiceProvider.php(20): Carbon\\Laravel\\ServiceProvider->updateLocale()
#11 C:\\Users\\saman\\helloworl\\vendor\\laravel\\framework\\src\\Illuminate\\Container\\BoundMethod.php(33): Carbon\\Laravel\\ServiceProvider->boot()
#12 C:\\Users\\saman\\helloworl\\vendor\\laravel\\framework\\src\\Illuminate\\Container\\BoundMethod.php(33): call_user_func_array:{C:\\Users\\saman\\helloworl\\vendor\\laravel\\framework\\src\\Illuminate\\Container\\BoundMethod.php:33}()
#13 C:\\Users\\saman\\helloworl\\vendor\\laravel\\framework\\src\\Illuminate\\Container\\Util.php(36): Illuminate\\Container\\BoundMethod::Illuminate\\Container\\{closure:C:\\Users\\saman\\helloworl\\vendor\\laravel\\framework\\src\\Illuminate\\Container\\BoundMethod.php:31-35}()
#14 C:\\Users\\saman\\helloworl\\vendor\\laravel\\framework\\src\\Illuminate\\Container\\BoundMethod.php(91): Illuminate\\Container\\Util::unwrapIfClosure()
#15 C:\\Users\\saman\\helloworl\\vendor\\laravel\\framework\\src\\Illuminate\\Container\\BoundMethod.php(35): Illuminate\\Container\\BoundMethod::callBoundMethod()
#16 C:\\Users\\saman\\helloworl\\vendor\\laravel\\framework\\src\\Illuminate\\Container\\Container.php(592): Illuminate\\Container\\BoundMethod::call()
#17 C:\\Users\\saman\\helloworl\\vendor\\laravel\\framework\\src\\Illuminate\\Foundation\\Application.php(867): Illuminate\\Foundation\\Application->call()
#18 C:\\Users\\saman\\helloworl\\vendor\\laravel\\framework\\src\\Illuminate\\Foundation\\Application.php(850): Illuminate\\Foundation\\Application->bootProvider()
#19 C:\\Users\\saman\\helloworl\\vendor\\laravel\\framework\\src\\Illuminate\\Foundation\\Application.php(851): Illuminate\\Foundation\\Application->Illuminate\\Foundation\\{closure:C:\\Users\\saman\\helloworl\\vendor\\laravel\\framework\\src\\Illuminate\\Foundation\\Application.php:849-851}()
#20 C:\\Users\\saman\\helloworl\\vendor\\laravel\\framework\\src\\Illuminate\\Foundation\\Application.php(851): array_walk()
#21 C:\\Users\\saman\\helloworl\\vendor\\laravel\\framework\\src\\Illuminate\\Foundation\\Bootstrap\\BootProviders.php(17): Illuminate\\Foundation\\Application->boot()
#22 C:\\Users\\saman\\helloworl\\vendor\\laravel\\framework\\src\\Illuminate\\Foundation\\Application.php(230): Illuminate\\Foundation\\Bootstrap\\BootProviders->bootstrap()
#23 C:\\Users\\saman\\helloworl\\vendor\\laravel\\framework\\src\\Illuminate\\Foundation\\Console\\Kernel.php(310): Illuminate\\Foundation\\Application->bootstrapWith()
#24 C:\\Users\\saman\\helloworl\\vendor\\laravel\\framework\\src\\Illuminate\\Foundation\\Console\\Kernel.php(127): App\\Console\\Kernel->bootstrap()
#25 C:\\Users\\saman\\helloworl\\artisan(37): App\\Console\\Kernel->handle()
#26 C:\\Users\\saman\\helloworl\\artisan(0): {main}()
#27 {main}
"} 
